<?xml version="1.0" encoding="UTF-8"?>
<testsuite xmlns:xsi="http://www.w3.org/2001/XMLSchema-instance" xsi:noNamespaceSchemaLocation="https://maven.apache.org/surefire/maven-surefire-plugin/xsd/surefire-test-report.xsd" name="peaksoft.UserServiceTest" time="0.336" tests="6" errors="0" skipped="0" failures="3">
  <properties>
[...]
</properties>
  <testcase name="saveUser" classname="peaksoft.UserServiceTest" time="0.056">
    <failure message="Во время тестирования сохранения пользователя произошло исключение&#10;java.lang.NullPointerException: Cannot invoke &quot;java.util.List.get(int)&quot; because the return value of &quot;peaksoft.service.UserService.getAllUsers()&quot; is null" type="java.lang.AssertionError">java.lang.AssertionError: 
Во время тестирования сохранения пользователя произошло исключение
java.lang.NullPointerException: Cannot invoke "java.util.List.get(int)" because the return value of "peaksoft.service.UserService.getAllUsers()" is null
	at peaksoft.UserServiceTest.saveUser(UserServiceTest.java:56)
</failure>
  </testcase>
  <testcase name="removeUserById" classname="peaksoft.UserServiceTest" time="0.001"/>
  <testcase name="getAllUsers" classname="peaksoft.UserServiceTest" time="0.008">
    <failure message="При попытке достать всех пользователей из базы данных произошло исключение&#10;java.lang.NullPointerException: Cannot invoke &quot;java.util.List.size()&quot; because &quot;userList&quot; is null" type="java.lang.AssertionError">java.lang.AssertionError: 
При попытке достать всех пользователей из базы данных произошло исключение
java.lang.NullPointerException: Cannot invoke "java.util.List.size()" because "userList" is null
	at peaksoft.UserServiceTest.getAllUsers(UserServiceTest.java:84)
</failure>
  </testcase>
  <testcase name="dropUsersTable" classname="peaksoft.UserServiceTest" time="0.001"/>
  <testcase name="createUsersTable" classname="peaksoft.UserServiceTest" time="0.002"/>
  <testcase name="cleanUsersTable" classname="peaksoft.UserServiceTest" time="0.007">
    <failure message="При тестировании очистки таблицы пользователей произошло исключение&#10;java.lang.NullPointerException: Cannot invoke &quot;java.util.List.size()&quot; because the return value of &quot;peaksoft.service.UserService.getAllUsers()&quot; is null" type="java.lang.AssertionError">java.lang.AssertionError: 
При тестировании очистки таблицы пользователей произошло исключение
java.lang.NullPointerException: Cannot invoke "java.util.List.size()" because the return value of "peaksoft.service.UserService.getAllUsers()" is null
	at peaksoft.UserServiceTest.cleanUsersTable(UserServiceTest.java:100)
</failure>
  </testcase>
</testsuite>